<?xml version="1.0" encoding="UTF-8"?>
<testsuite xmlns:xsi="http://www.w3.org/2001/XMLSchema-instance" xsi:noNamespaceSchemaLocation="https://maven.apache.org/surefire/maven-surefire-plugin/xsd/surefire-test-report-3.0.xsd" version="3.0" name="tests.HomePageTest" time="119.638" tests="2" errors="2" skipped="0" failures="0">
  <properties>
[...]
</properties>
  <testcase name="LinkedLogin_01" classname="tests.HomePageTest" time="119.638">
    <error message="connection refused&#10;Build info: version: &apos;3.141.59&apos;, revision: &apos;e82be7d358&apos;, time: &apos;2018-11-14T08:17:03&apos;&#10;System info: host: &apos;darek-desktop&apos;, ip: &apos;127.0.1.1&apos;, os.name: &apos;Linux&apos;, os.arch: &apos;amd64&apos;, os.version: &apos;5.3.0-46-generic&apos;, java.version: &apos;11.0.6&apos;&#10;Driver info: driver.version: FirefoxDriver&#10;remote stacktrace: " type="java.lang.IllegalStateException">java.lang.IllegalStateException: 
connection refused
Build info: version: '3.141.59', revision: 'e82be7d358', time: '2018-11-14T08:17:03'
System info: host: 'darek-desktop', ip: '127.0.1.1', os.name: 'Linux', os.arch: 'amd64', os.version: '5.3.0-46-generic', java.version: '11.0.6'
Driver info: driver.version: FirefoxDriver
remote stacktrace: 
	at com.github.metalloid.webdriver.browsers.Browser.createLocalInstance(Browser.java:43)
	at com.github.metalloid.webdriver.WebDriverFactory.createInstance(WebDriverFactory.java:32)
	at com.github.metalloid.webdriver.WebDriverPool.get(WebDriverPool.java:70)
	at selenium.Core.openSession(Core.java:20)
	at java.base/jdk.internal.reflect.NativeMethodAccessorImpl.invoke0(Native Method)
	at java.base/jdk.internal.reflect.NativeMethodAccessorImpl.invoke(NativeMethodAccessorImpl.java:62)
	at java.base/jdk.internal.reflect.DelegatingMethodAccessorImpl.invoke(DelegatingMethodAccessorImpl.java:43)
	at java.base/java.lang.reflect.Method.invoke(Method.java:566)
	at org.junit.runners.model.FrameworkMethod$1.runReflectiveCall(FrameworkMethod.java:59)
	at org.junit.internal.runners.model.ReflectiveCallable.run(ReflectiveCallable.java:12)
	at org.junit.runners.model.FrameworkMethod.invokeExplosively(FrameworkMethod.java:56)
	at org.junit.internal.runners.statements.RunBefores.invokeMethod(RunBefores.java:33)
	at org.junit.internal.runners.statements.RunBefores.evaluate(RunBefores.java:24)
	at org.junit.internal.runners.statements.RunAfters.evaluate(RunAfters.java:27)
	at org.junit.rules.TestWatcher$1.evaluate(TestWatcher.java:61)
	at org.junit.rules.TestWatcher$1.evaluate(TestWatcher.java:61)
	at org.junit.runners.ParentRunner$3.evaluate(ParentRunner.java:305)
	at org.junit.runners.BlockJUnit4ClassRunner$1.evaluate(BlockJUnit4ClassRunner.java:100)
	at org.junit.runners.ParentRunner.runLeaf(ParentRunner.java:365)
	at org.junit.runners.BlockJUnit4ClassRunner.runChild(BlockJUnit4ClassRunner.java:103)
	at org.junit.runners.BlockJUnit4ClassRunner.runChild(BlockJUnit4ClassRunner.java:63)
	at org.junit.runners.ParentRunner$4.run(ParentRunner.java:330)
	at org.apache.maven.surefire.junitcore.pc.Scheduler$1.run(Scheduler.java:405)
	at java.base/java.util.concurrent.Executors$RunnableAdapter.call(Executors.java:515)
	at java.base/java.util.concurrent.FutureTask.run(FutureTask.java:264)
	at java.base/java.util.concurrent.ThreadPoolExecutor.runWorker(ThreadPoolExecutor.java:1128)
	at java.base/java.util.concurrent.ThreadPoolExecutor$Worker.run(ThreadPoolExecutor.java:628)
	at java.base/java.lang.Thread.run(Thread.java:834)
</error>
    <system-out><![CDATA[2020-04-14 12:41:17,501 pool-1-thread-2 DEBUG Apache Log4j Core 2.11.2 initializing configuration XmlConfiguration[location=/home/darek/IdeaProjects/jobseeker/target/classes/log4j2.xml]
2020-04-14 12:41:17,553 pool-1-thread-2 DEBUG Installed 1 script engine
Warning: Nashorn engine is planned to be removed from a future JDK release
2020-04-14 12:41:19,840 pool-1-thread-2 DEBUG Oracle Nashorn version: 11.0.6, language: ECMAScript, threading: Not Thread Safe, compile: true, names: [nashorn, Nashorn, js, JS, JavaScript, javascript, ECMAScript, ecmascript], factory class: jdk.nashorn.api.scripting.NashornScriptEngineFactory
2020-04-14 12:41:19,841 pool-1-thread-2 DEBUG PluginManager 'Core' found 117 plugins
2020-04-14 12:41:19,850 pool-1-thread-2 DEBUG PluginManager 'Level' found 0 plugins
2020-04-14 12:41:19,938 pool-1-thread-2 DEBUG Building Plugin[name=property, class=org.apache.logging.log4j.core.config.Property].
2020-04-14 12:41:20,022 pool-1-thread-2 DEBUG PluginManager 'TypeConverter' found 26 plugins
2020-04-14 12:41:20,081 pool-1-thread-2 DEBUG createProperty(name="LOG_PATTERN", value="%d{yyyy-MM-dd'T'HH:mm:ss} %p %m%n")
2020-04-14 12:41:20,083 pool-1-thread-2 DEBUG Building Plugin[name=property, class=org.apache.logging.log4j.core.config.Property].
2020-04-14 12:41:20,085 pool-1-thread-2 DEBUG createProperty(name="APP_LOG_ROOT", value="logs")
2020-04-14 12:41:20,086 pool-1-thread-2 DEBUG Building Plugin[name=properties, class=org.apache.logging.log4j.core.config.PropertiesPlugin].
2020-04-14 12:41:20,131 pool-1-thread-2 DEBUG configureSubstitutor(={LOG_PATTERN=%d{yyyy-MM-dd'T'HH:mm:ss} %p %m%n, APP_LOG_ROOT=logs}, Configuration(/home/darek/IdeaProjects/jobseeker/target/classes/log4j2.xml))
2020-04-14 12:41:20,136 pool-1-thread-2 DEBUG PluginManager 'Lookup' found 13 plugins
2020-04-14 12:41:20,140 pool-1-thread-2 DEBUG Building Plugin[name=layout, class=org.apache.logging.log4j.core.layout.PatternLayout].
2020-04-14 12:41:20,188 pool-1-thread-2 DEBUG PatternLayout$Builder(pattern="%d{yyyy-MM-dd'T'HH:mm:ss} %p %m%n", PatternSelector=null, Configuration(/home/darek/IdeaProjects/jobseeker/target/classes/log4j2.xml), Replace=null, charset="null", alwaysWriteExceptions="null", disableAnsi="null", noConsoleNoAnsi="null", header="null", footer="null")
2020-04-14 12:41:20,215 pool-1-thread-2 DEBUG PluginManager 'Converter' found 44 plugins
2020-04-14 12:41:20,272 pool-1-thread-2 DEBUG Building Plugin[name=appender, class=org.apache.logging.log4j.core.appender.ConsoleAppender].
2020-04-14 12:41:20,402 pool-1-thread-2 DEBUG ConsoleAppender$Builder(target="SYSTEM_OUT", follow="true", direct="null", bufferedIo="null", bufferSize="null", immediateFlush="null", ignoreExceptions="null", PatternLayout(%d{yyyy-MM-dd'T'HH:mm:ss} %p %m%n), name="Console", Configuration(/home/darek/IdeaProjects/jobseeker/target/classes/log4j2.xml), Filter=null, ={})
2020-04-14 12:41:20,417 pool-1-thread-2 DEBUG Starting OutputStreamManager SYSTEM_OUT.true.false
2020-04-14 12:41:20,419 pool-1-thread-2 DEBUG Building Plugin[name=filter, class=org.apache.logging.log4j.core.filter.LevelRangeFilter].
2020-04-14 12:41:20,425 pool-1-thread-2 DEBUG createFilter(minLevel="INFO", maxLevel="DEBUG", onMatch="ACCEPT", onMismatch="DENY")
2020-04-14 12:41:20,432 pool-1-thread-2 DEBUG Building Plugin[name=layout, class=org.apache.logging.log4j.core.layout.PatternLayout].
2020-04-14 12:41:20,436 pool-1-thread-2 DEBUG PatternLayout$Builder(pattern="%d{yyyy-MM-dd'T'HH:mm:ss} %p %m%n", PatternSelector=null, Configuration(/home/darek/IdeaProjects/jobseeker/target/classes/log4j2.xml), Replace=null, charset="null", alwaysWriteExceptions="null", disableAnsi="null", noConsoleNoAnsi="null", header="null", footer="null")
2020-04-14 12:41:20,437 pool-1-thread-2 DEBUG Building Plugin[name=SizeBasedTriggeringPolicy, class=org.apache.logging.log4j.core.appender.rolling.SizeBasedTriggeringPolicy].
2020-04-14 12:41:20,450 pool-1-thread-2 DEBUG createPolicy(size="19500KB")
2020-04-14 12:41:20,464 pool-1-thread-2 DEBUG Building Plugin[name=Policies, class=org.apache.logging.log4j.core.appender.rolling.CompositeTriggeringPolicy].
2020-04-14 12:41:20,469 pool-1-thread-2 DEBUG createPolicy(={SizeBasedTriggeringPolicy(size=19968000)})
2020-04-14 12:41:20,470 pool-1-thread-2 DEBUG Building Plugin[name=DefaultRolloverStrategy, class=org.apache.logging.log4j.core.appender.rolling.DefaultRolloverStrategy].
2020-04-14 12:41:20,503 pool-1-thread-2 DEBUG DefaultRolloverStrategy$Builder(max="10", min="null", fileIndex="null", compressionLevel="null", ={}, stopCustomActionsOnError="null", tempCompressedFilePattern="null", Configuration(/home/darek/IdeaProjects/jobseeker/target/classes/log4j2.xml))
2020-04-14 12:41:20,508 pool-1-thread-2 DEBUG Building Plugin[name=appender, class=org.apache.logging.log4j.core.appender.RollingFileAppender].
2020-04-14 12:41:20,582 pool-1-thread-2 DEBUG RollingFileAppender$Builder(fileName="logs/app-debug.log", filePattern="logs/app-debug-%d{yyyy-MM-dd}-%i.log", append="null", locking="null", Policies(CompositeTriggeringPolicy(policies=[SizeBasedTriggeringPolicy(size=19968000)])), DefaultRolloverStrategy(DefaultRolloverStrategy(min=1, max=10, useMax=true)), advertise="null", advertiseUri="null", createOnDemand="null", filePermissions="null", fileOwner="null", fileGroup="null", bufferedIo="null", bufferSize="null", immediateFlush="null", ignoreExceptions="null", PatternLayout(%d{yyyy-MM-dd'T'HH:mm:ss} %p %m%n), name="debugLog", Configuration(/home/darek/IdeaProjects/jobseeker/target/classes/log4j2.xml), LevelRangeFilter(INFO), ={})
2020-04-14 12:41:20,611 pool-1-thread-2 DEBUG Returning file creation time for /home/darek/IdeaProjects/jobseeker/logs/app-debug.log
2020-04-14 12:41:20,621 pool-1-thread-2 DEBUG Starting RollingFileManager logs/app-debug.log
2020-04-14 12:41:20,647 pool-1-thread-2 DEBUG PluginManager 'FileConverter' found 2 plugins
2020-04-14 12:41:20,653 pool-1-thread-2 DEBUG Setting prev file time to 2020-04-03T15:49:20.378+0200
2020-04-14 12:41:20,662 pool-1-thread-2 DEBUG Initializing triggering policy CompositeTriggeringPolicy(policies=[SizeBasedTriggeringPolicy(size=19968000)])
2020-04-14 12:41:20,663 pool-1-thread-2 DEBUG Initializing triggering policy SizeBasedTriggeringPolicy(size=19968000)
2020-04-14 12:41:20,669 pool-1-thread-2 DEBUG Building Plugin[name=filter, class=org.apache.logging.log4j.core.filter.LevelRangeFilter].
2020-04-14 12:41:20,672 pool-1-thread-2 DEBUG createFilter(minLevel="INFO", maxLevel="INFO", onMatch="ACCEPT", onMismatch="DENY")
2020-04-14 12:41:20,687 pool-1-thread-2 DEBUG Building Plugin[name=layout, class=org.apache.logging.log4j.core.layout.PatternLayout].
2020-04-14 12:41:20,690 pool-1-thread-2 DEBUG PatternLayout$Builder(pattern="%d{yyyy-MM-dd'T'HH:mm:ss} %p %m%n", PatternSelector=null, Configuration(/home/darek/IdeaProjects/jobseeker/target/classes/log4j2.xml), Replace=null, charset="null", alwaysWriteExceptions="null", disableAnsi="null", noConsoleNoAnsi="null", header="null", footer="null")
2020-04-14 12:41:20,691 pool-1-thread-2 DEBUG Building Plugin[name=SizeBasedTriggeringPolicy, class=org.apache.logging.log4j.core.appender.rolling.SizeBasedTriggeringPolicy].
2020-04-14 12:41:20,703 pool-1-thread-2 DEBUG createPolicy(size="19500KB")
2020-04-14 12:41:20,704 pool-1-thread-2 DEBUG Building Plugin[name=Policies, class=org.apache.logging.log4j.core.appender.rolling.CompositeTriggeringPolicy].
2020-04-14 12:41:20,705 pool-1-thread-2 DEBUG createPolicy(={SizeBasedTriggeringPolicy(size=19968000)})
2020-04-14 12:41:20,707 pool-1-thread-2 DEBUG Building Plugin[name=DefaultRolloverStrategy, class=org.apache.logging.log4j.core.appender.rolling.DefaultRolloverStrategy].
2020-04-14 12:41:20,718 pool-1-thread-2 DEBUG DefaultRolloverStrategy$Builder(max="10", min="null", fileIndex="null", compressionLevel="null", ={}, stopCustomActionsOnError="null", tempCompressedFilePattern="null", Configuration(/home/darek/IdeaProjects/jobseeker/target/classes/log4j2.xml))
2020-04-14 12:41:20,719 pool-1-thread-2 DEBUG Building Plugin[name=appender, class=org.apache.logging.log4j.core.appender.RollingFileAppender].
2020-04-14 12:41:20,722 pool-1-thread-2 DEBUG RollingFileAppender$Builder(fileName="logs/app-info.log", filePattern="logs/app-info-%d{yyyy-MM-dd}-%i.log", append="null", locking="null", Policies(CompositeTriggeringPolicy(policies=[SizeBasedTriggeringPolicy(size=19968000)])), DefaultRolloverStrategy(DefaultRolloverStrategy(min=1, max=10, useMax=true)), advertise="null", advertiseUri="null", createOnDemand="null", filePermissions="null", fileOwner="null", fileGroup="null", bufferedIo="null", bufferSize="null", immediateFlush="null", ignoreExceptions="null", PatternLayout(%d{yyyy-MM-dd'T'HH:mm:ss} %p %m%n), name="infoLog", Configuration(/home/darek/IdeaProjects/jobseeker/target/classes/log4j2.xml), LevelRangeFilter(INFO), ={})
2020-04-14 12:41:20,724 pool-1-thread-2 DEBUG Returning file creation time for /home/darek/IdeaProjects/jobseeker/logs/app-info.log
2020-04-14 12:41:20,729 pool-1-thread-2 DEBUG Starting RollingFileManager logs/app-info.log
2020-04-14 12:41:20,730 pool-1-thread-2 DEBUG PluginManager 'FileConverter' found 2 plugins
2020-04-14 12:41:20,735 pool-1-thread-2 DEBUG Setting prev file time to 2020-04-14T12:40:06.403+0200
2020-04-14 12:41:20,737 pool-1-thread-2 DEBUG Initializing triggering policy CompositeTriggeringPolicy(policies=[SizeBasedTriggeringPolicy(size=19968000)])
2020-04-14 12:41:20,738 pool-1-thread-2 DEBUG Initializing triggering policy SizeBasedTriggeringPolicy(size=19968000)
2020-04-14 12:41:20,747 pool-1-thread-2 DEBUG Building Plugin[name=appender, class=org.apache.logging.log4j.core.appender.SmtpAppender].
2020-04-14 12:41:20,820 pool-1-thread-2 DEBUG createAppender(Configuration(/home/darek/IdeaProjects/jobseeker/target/classes/log4j2.xml), name="MailAppender", to="metalloidproject@gmail.com", cc="null", bcc="null", from="dtulimowski@protonmail.com", replyTo="null", subject="Selenium report", smtpProtocol="smtps", smtpHost="smtp.gmail.com", smtpPort="465", smtpUsername="metalloidproject@gmail.com", smtpPassword="846c8e26c05119a10789912378cfefd0", smtpDebug="true", bufferSize="4", Layout=null, Filter=null, ignoreExceptions="false")
DEBUG: setDebug: JavaMail version 1.6.2
2020-04-14 12:41:21,220 pool-1-thread-2 DEBUG Starting SmtpManager SMTP:bc239a4b0fdb4f0e7b4a91fab218056a
2020-04-14 12:41:21,255 pool-1-thread-2 DEBUG Building Plugin[name=appenders, class=org.apache.logging.log4j.core.config.AppendersPlugin].
2020-04-14 12:41:21,268 pool-1-thread-2 DEBUG createAppenders(={Console, debugLog, infoLog, MailAppender})
2020-04-14 12:41:21,271 pool-1-thread-2 DEBUG Building Plugin[name=AppenderRef, class=org.apache.logging.log4j.core.config.AppenderRef].
2020-04-14 12:41:21,286 pool-1-thread-2 DEBUG createAppenderRef(ref="MailAppender", level="null", Filter=null)
2020-04-14 12:41:21,290 pool-1-thread-2 DEBUG Building Plugin[name=AppenderRef, class=org.apache.logging.log4j.core.config.AppenderRef].
2020-04-14 12:41:21,302 pool-1-thread-2 DEBUG createAppenderRef(ref="infoLog", level="null", Filter=null)
2020-04-14 12:41:21,302 pool-1-thread-2 DEBUG Building Plugin[name=root, class=org.apache.logging.log4j.core.config.LoggerConfig$RootLogger].
2020-04-14 12:41:21,338 pool-1-thread-2 DEBUG createLogger(additivity="null", level="ALL", includeLocation="null", ={MailAppender, infoLog}, ={}, Configuration(/home/darek/IdeaProjects/jobseeker/target/classes/log4j2.xml), Filter=null)
2020-04-14 12:41:21,356 pool-1-thread-2 DEBUG Building Plugin[name=loggers, class=org.apache.logging.log4j.core.config.LoggersPlugin].
2020-04-14 12:41:21,363 pool-1-thread-2 DEBUG createLoggers(={root})
2020-04-14 12:41:21,386 pool-1-thread-2 DEBUG Configuration XmlConfiguration[location=/home/darek/IdeaProjects/jobseeker/target/classes/log4j2.xml] initialized
2020-04-14 12:41:21,391 pool-1-thread-2 DEBUG Starting configuration XmlConfiguration[location=/home/darek/IdeaProjects/jobseeker/target/classes/log4j2.xml]
2020-04-14 12:41:21,396 pool-1-thread-2 DEBUG Log4j2 ConfigurationScheduler starting 1 threads
2020-04-14 12:41:21,415 pool-1-thread-2 DEBUG Started configuration XmlConfiguration[location=/home/darek/IdeaProjects/jobseeker/target/classes/log4j2.xml] OK.
2020-04-14 12:41:21,466 pool-1-thread-2 DEBUG Shutting down OutputStreamManager SYSTEM_OUT.false.false-1
2020-04-14 12:41:21,468 pool-1-thread-2 DEBUG Shut down OutputStreamManager SYSTEM_OUT.false.false-1, all resources released: true
2020-04-14 12:41:21,474 pool-1-thread-2 DEBUG Appender DefaultConsole-1 stopped with status true
2020-04-14 12:41:21,503 pool-1-thread-2 DEBUG Stopped org.apache.logging.log4j.core.config.DefaultConfiguration@71a0e1f8 OK
2020-04-14 12:41:22,270 pool-1-thread-2 DEBUG Registering MBean org.apache.logging.log4j2:type=55054057
2020-04-14 12:41:22,285 pool-1-thread-2 DEBUG Registering MBean org.apache.logging.log4j2:type=55054057,component=StatusLogger
2020-04-14 12:41:22,290 pool-1-thread-2 DEBUG Registering MBean org.apache.logging.log4j2:type=55054057,component=ContextSelector
2020-04-14 12:41:22,299 pool-1-thread-2 DEBUG Registering MBean org.apache.logging.log4j2:type=55054057,component=Loggers,name=
2020-04-14 12:41:22,305 pool-1-thread-2 DEBUG Registering MBean org.apache.logging.log4j2:type=55054057,component=Appenders,name=Console
2020-04-14 12:41:22,314 pool-1-thread-2 DEBUG Registering MBean org.apache.logging.log4j2:type=55054057,component=Appenders,name=infoLog
2020-04-14 12:41:22,318 pool-1-thread-2 DEBUG Registering MBean org.apache.logging.log4j2:type=55054057,component=Appenders,name=MailAppender
2020-04-14 12:41:22,320 pool-1-thread-2 DEBUG Registering MBean org.apache.logging.log4j2:type=55054057,component=Appenders,name=debugLog
2020-04-14 12:41:22,334 pool-1-thread-2 DEBUG org.apache.logging.log4j.core.util.SystemClock supports precise timestamps.
2020-04-14 12:41:22,336 pool-1-thread-2 DEBUG Reconfiguration complete for context[name=55054057] at URI /home/darek/IdeaProjects/jobseeker/target/classes/log4j2.xml (org.apache.logging.log4j.core.LoggerContext@6c4acbd3) with optional ClassLoader: null
2020-04-14 12:41:22,340 pool-1-thread-2 DEBUG Shutdown hook enabled. Registering a new one.
2020-04-14 12:41:22,354 pool-1-thread-2 DEBUG LoggerContext[name=55054057, org.apache.logging.log4j.core.LoggerContext@6c4acbd3] started OK.
Report saved on /openbeds/ReportFactory.html
]]></system-out>
    <system-err><![CDATA[1586860888982	mozrunner::runner	INFO	Running command: "/usr/lib/firefox/firefox" "-marionette" "-foreground" "-no-remote" "-profile" "/tmp/rust_mozprofilewrcGB0"
1586860894563	addons.webextension.doh-rollout@mozilla.org	WARN	Loading extension 'doh-rollout@mozilla.org': Reading manifest: Invalid extension permission: networkStatus
1586860898005	addons.webextension.screenshots@mozilla.org	WARN	Loading extension 'screenshots@mozilla.org': Reading manifest: Invalid extension permission: mozillaAddons
1586860898006	addons.webextension.screenshots@mozilla.org	WARN	Loading extension 'screenshots@mozilla.org': Reading manifest: Invalid extension permission: telemetry
1586860898007	addons.webextension.screenshots@mozilla.org	WARN	Loading extension 'screenshots@mozilla.org': Reading manifest: Invalid extension permission: resource://pdf.js/
1586860898007	addons.webextension.screenshots@mozilla.org	WARN	Loading extension 'screenshots@mozilla.org': Reading manifest: Invalid extension permission: about:reader*
Exiting due to channel error.
[GFX1-]: Receive IPC close with reason=AbnormalShutdown
Exiting due to channel error.
Exiting due to channel error.
1586860949752	mozrunner::runner	INFO	Running command: "/usr/lib/firefox/firefox" "-marionette" "-foreground" "-no-remote" "-profile" "/tmp/rust_mozprofileHwZ9DQ"
1586860970233	addons.webextension.doh-rollout@mozilla.org	WARN	Loading extension 'doh-rollout@mozilla.org': Reading manifest: Invalid extension permission: networkStatus
1586860981266	addons.webextension.screenshots@mozilla.org	WARN	Loading extension 'screenshots@mozilla.org': Reading manifest: Invalid extension permission: mozillaAddons
1586860981267	addons.webextension.screenshots@mozilla.org	WARN	Loading extension 'screenshots@mozilla.org': Reading manifest: Invalid extension permission: telemetry
1586860981268	addons.webextension.screenshots@mozilla.org	WARN	Loading extension 'screenshots@mozilla.org': Reading manifest: Invalid extension permission: resource://pdf.js/
1586860981269	addons.webextension.screenshots@mozilla.org	WARN	Loading extension 'screenshots@mozilla.org': Reading manifest: Invalid extension permission: about:reader*
1586860997751	Marionette	INFO	Listening on port 36521
1586860997847	Marionette	WARN	TLS certificate errors will be ignored for this session
Apr 14, 2020 12:43:18 PM org.openqa.selenium.remote.ProtocolHandshake createSession
INFO: Detected dialect: W3C
]]></system-err>
  </testcase>
  <testcase name="LinkedLogin_01" classname="tests.HomePageTest" time="0">
    <error type="java.lang.NullPointerException">java.lang.NullPointerException
	at reports.TestReport.failTest(TestReport.java:25)
	at selenium.Rules$1.failed(Rules.java:21)
	at org.junit.rules.TestWatcher.failedQuietly(TestWatcher.java:90)
	at org.junit.rules.TestWatcher.access$300(TestWatcher.java:52)
	at org.junit.rules.TestWatcher$1.evaluate(TestWatcher.java:68)
	at org.junit.rules.TestWatcher$1.evaluate(TestWatcher.java:61)
	at org.junit.runners.ParentRunner$3.evaluate(ParentRunner.java:305)
	at org.junit.runners.BlockJUnit4ClassRunner$1.evaluate(BlockJUnit4ClassRunner.java:100)
	at org.junit.runners.ParentRunner.runLeaf(ParentRunner.java:365)
	at org.junit.runners.BlockJUnit4ClassRunner.runChild(BlockJUnit4ClassRunner.java:103)
	at org.junit.runners.BlockJUnit4ClassRunner.runChild(BlockJUnit4ClassRunner.java:63)
	at org.junit.runners.ParentRunner$4.run(ParentRunner.java:330)
	at org.apache.maven.surefire.junitcore.pc.Scheduler$1.run(Scheduler.java:405)
	at java.base/java.util.concurrent.Executors$RunnableAdapter.call(Executors.java:515)
	at java.base/java.util.concurrent.FutureTask.run(FutureTask.java:264)
	at java.base/java.util.concurrent.ThreadPoolExecutor.runWorker(ThreadPoolExecutor.java:1128)
	at java.base/java.util.concurrent.ThreadPoolExecutor$Worker.run(ThreadPoolExecutor.java:628)
	at java.base/java.lang.Thread.run(Thread.java:834)
</error>
  </testcase>
</testsuite>